[2016-09-19 14:37:50.259] [TRACE] app - In getcampdetslist service....
[2016-09-19 14:37:50.261] [TRACE] app - Enetered VinId is CAMPAIGNDOBJ00021
[2016-09-19 14:44:23.942] [TRACE] app - In getcampdetslist service....
[2016-09-19 14:44:23.947] [TRACE] app - Entered VinId is CAMPAIGNDOBJ00021
[2016-09-19 14:44:28.441] [TRACE] app - In getcampdetslist service....
[2016-09-19 14:44:28.450] [TRACE] app - Entered VinId is RB8
[2016-09-20 12:43:38.070] [TRACE] app - In getcampdetslist service....
[2016-09-20 12:43:38.073] [TRACE] app - Entered VinId is CAMPAIGNDOBJ00021
[2016-09-20 12:43:50.254] [TRACE] app - In getvindetslist service....
[2016-09-20 12:43:50.254] [TRACE] app - Entered VinId is RX8
[2016-09-20 12:44:01.808] [TRACE] app - In getcampdetslist service....
[2016-09-20 12:44:01.808] [TRACE] app - Entered VinId is CAMPAIGNDOBJ00021
[2016-09-20 12:44:21.433] [TRACE] app - In getcampdetslist service....
[2016-09-20 12:44:21.433] [TRACE] app - Entered VinId is undefined
[2016-09-20 12:44:38.366] [TRACE] app - In getcampdetslist service....
[2016-09-20 12:44:38.366] [TRACE] app - Entered VinId is undefined
[2016-09-20 12:44:41.074] [TRACE] app - In getcampdetslist service....
[2016-09-20 12:44:41.074] [TRACE] app - Entered VinId is undefined
[2016-09-20 12:44:44.573] [TRACE] app - In getcampdetslist service....
[2016-09-20 12:44:44.573] [TRACE] app - Entered VinId is undefined
[2016-09-20 12:45:00.241] [TRACE] app - In getcampdetslist service....
[2016-09-20 12:45:00.241] [TRACE] app - Entered VinId is CAMPAIGNDOBJ00021
